start sensor read (type=11, pin=4).
init peak: 256
update peak: 4 (765)
update peak: 35 (766)
bitCount=41, peak=766:
0 (256) 0 (256) 0 (255) 1 (765) 0 (256) 0 (256) 0 (256) 0 (256) 
0 (256) 0 (256) 0 (255) 0 (256) 0 (256) 0 (256) 0 (256) 0 (272) 
0 (256) 0 (256) 0 (255) 1 (765) 0 (256) 0 (256) 0 (251) 1 (765) 
0 (255) 0 (256) 0 (256) 0 (246) 0 (255) 0 (256) 0 (255) 0 (272) 
0 (256) 0 (256) 1 (766) 0 (256) 0 (255) 0 (256) 0 (255) 1 (738) 

=> 10 0 11 0 (21/21) : OK
sensor type = 11, *** obtained readout successfully.
start sensor read (type=11, pin=4).
init peak: 256
update peak: 4 (765)
bitCount=41, peak=765:
0 (256) 0 (256) 0 (256) 1 (765) 0 (255) 0 (229) 0 (256) 0 (180) 
0 (249) 0 (250) 0 (249) 0 (249) 0 (249) 0 (249) 0 (250) 0 (264) 
0 (249) 0 (250) 0 (249) 1 (745) 0 (249) 0 (250) 1 (745) 0 (249) 
0 (249) 0 (249) 0 (249) 0 (249) 0 (249) 0 (250) 0 (249) 0 (265) 
0 (249) 0 (249) 1 (747) 0 (249) 0 (249) 0 (250) 1 (746) 0 (223) 

=> 10 0 12 0 (22/22) : OK
sensor type = 11, *** obtained readout successfully.
start sensor read (type=11, pin=4).
init peak: 248
update peak: 2 (256)
update peak: 4 (765)
bitCount=41, peak=765:
0 (248) 0 (256) 0 (256) 1 (765) 0 (255) 0 (256) 0 (255) 0 (256) 
0 (256) 0 (255) 0 (256) 0 (256) 0 (256) 0 (256) 0 (255) 0 (272) 
0 (256) 0 (256) 0 (256) 1 (765) 0 (256) 0 (256) 1 (765) 0 (256) 
0 (256) 0 (256) 0 (256) 0 (255) 0 (256) 0 (256) 0 (256) 0 (273) 
0 (256) 0 (256) 1 (765) 0 (256) 0 (256) 0 (255) 1 (390) 0 (229) 

=> 10 0 12 0 (22/22) : OK
sensor type = 11, *** obtained readout successfully.
start sensor read (type=11, pin=4).
init peak: 132
update peak: 2 (255)
update peak: 3 (256)
update peak: 4 (764)
update peak: 20 (765)
bitCount=41, peak=765:
0 (132) 0 (255) 0 (256) 1 (764) 0 (256) 0 (256) 0 (256) 0 (256) 
0 (256) 0 (256) 0 (256) 0 (256) 0 (256) 0 (256) 0 (256) 0 (272) 
0 (256) 0 (256) 0 (256) 1 (765) 0 (256) 0 (255) 1 (765) 0 (256) 
0 (256) 0 (256) 0 (256) 0 (256) 0 (255) 0 (256) 0 (256) 0 (272) 
0 (255) 0 (256) 1 (765) 0 (256) 0 (256) 0 (255) 1 (765) 0 (229) 

=> 10 0 12 0 (22/22) : OK
sensor type = 11, *** obtained readout successfully.
start sensor read (type=11, pin=4).
init peak: 256
update peak: 4 (757)
update peak: 20 (765)
update peak: 23 (766)
bitCount=41, peak=766:
0 (256) 0 (256) 0 (180) 1 (757) 0 (255) 0 (256) 0 (255) 0 (255) 
0 (256) 0 (256) 0 (256) 0 (256) 0 (256) 0 (256) 0 (255) 0 (272) 
0 (255) 0 (255) 0 (256) 1 (765) 0 (256) 0 (255) 1 (766) 0 (256) 
0 (256) 0 (256) 0 (256) 0 (255) 0 (256) 0 (256) 0 (256) 0 (272) 
0 (256) 0 (256) 1 (764) 0 (256) 0 (255) 0 (256) 1 (765) 0 (229) 

=> 10 0 12 0 (22/22) : OK
sensor type = 11, *** obtained readout successfully.
start sensor read (type=11, pin=4).
init peak: 256
update peak: 4 (765)
update peak: 39 (766)
bitCount=41, peak=766:
0 (256) 0 (256) 0 (256) 1 (765) 0 (256) 0 (256) 0 (256) 0 (256) 
0 (256) 0 (256) 0 (256) 0 (256) 0 (256) 0 (255) 0 (256) 0 (272) 
0 (256) 0 (255) 0 (256) 1 (764) 0 (256) 0 (256) 1 (764) 0 (255) 
0 (256) 0 (256) 0 (256) 0 (256) 0 (256) 0 (256) 0 (256) 0 (272) 
0 (256) 0 (255) 1 (765) 0 (256) 0 (256) 0 (256) 1 (766) 0 (229) 

=> 10 0 12 0 (22/22) : OK
sensor type = 11, *** obtained readout successfully.
start sensor read (type=11, pin=4).
init peak: 256
update peak: 4 (765)
bitCount=41, peak=765:
0 (256) 0 (256) 0 (256) 1 (765) 0 (256) 0 (256) 0 (249) 0 (249) 
0 (249) 0 (249) 0 (249) 0 (249) 0 (250) 0 (250) 0 (249) 0 (250) 
0 (250) 0 (250) 0 (249) 1 (746) 0 (250) 0 (250) 1 (746) 0 (249) 
0 (249) 0 (250) 0 (249) 0 (249) 0 (249) 0 (250) 0 (250) 0 (266) 
0 (249) 0 (256) 1 (765) 0 (256) 0 (256) 0 (256) 1 (701) 0 (229) 

=> 10 0 12 0 (22/22) : OK
sensor type = 11, *** obtained readout successfully.
start sensor read (type=11, pin=4).
init peak: 244
update peak: 2 (250)
update peak: 4 (740)
update peak: 20 (745)
update peak: 23 (746)
bitCount=41, peak=746:
0 (244) 0 (250) 0 (249) 1 (740) 0 (249) 0 (249) 0 (249) 0 (249) 
0 (249) 0 (244) 0 (249) 0 (249) 0 (250) 0 (249) 0 (249) 0 (265) 
0 (249) 0 (245) 0 (249) 1 (745) 0 (249) 0 (249) 1 (746) 0 (249) 
0 (249) 0 (249) 0 (249) 0 (245) 0 (200) 0 (249) 0 (249) 0 (265) 
0 (249) 0 (249) 1 (746) 0 (250) 0 (245) 0 (250) 1 (745) 0 (223) 

=> 10 0 12 0 (22/22) : OK
sensor type = 11, *** obtained readout successfully.
start sensor read (type=11, pin=4).
init peak: 256
update peak: 4 (765)
bitCount=41, peak=765:
0 (256) 0 (256) 0 (256) 1 (765) 0 (256) 0 (255) 0 (237) 0 (256) 
0 (256) 0 (255) 0 (256) 0 (255) 0 (255) 0 (255) 0 (256) 0 (272) 
0 (256) 0 (250) 0 (255) 1 (765) 0 (256) 0 (256) 1 (764) 0 (256) 
0 (256) 0 (256) 0 (256) 0 (256) 0 (255) 0 (255) 0 (256) 0 (272) 
0 (256) 0 (256) 1 (765) 0 (256) 0 (256) 0 (256) 1 (765) 0 (229) 

=> 10 0 12 0 (22/22) : OK
sensor type = 11, *** obtained readout successfully.
start sensor read (type=11, pin=4).
init peak: 249
update peak: 3 (250)
update peak: 4 (746)
update peak: 20 (761)
bitCount=41, peak=761:
0 (249) 0 (249) 0 (250) 1 (746) 0 (250) 0 (244) 0 (214) 0 (183) 
0 (236) 0 (250) 0 (249) 0 (249) 0 (249) 0 (245) 0 (250) 0 (264) 
0 (245) 0 (253) 0 (256) 1 (761) 0 (256) 0 (256) 1 (760) 0 (251) 
0 (255) 0 (256) 0 (251) 0 (256) 0 (255) 0 (256) 0 (256) 0 (268) 
0 (256) 0 (256) 1 (760) 0 (251) 0 (256) 0 (256) 1 (760) 0 (229) 

=> 10 0 12 0 (22/22) : OK
sensor type = 11, *** obtained readout successfully.
start sensor read (type=11, pin=4).
init peak: 255
update peak: 3 (256)
update peak: 4 (765)
bitCount=41, peak=765:
0 (255) 0 (250) 0 (256) 1 (765) 0 (256) 0 (256) 0 (256) 0 (251) 
0 (256) 0 (256) 0 (251) 0 (255) 0 (256) 0 (256) 0 (255) 0 (268) 
0 (109) 0 (256) 0 (251) 1 (760) 0 (255) 0 (256) 0 (256) 1 (765) 
0 (256) 0 (251) 0 (255) 0 (256) 0 (251) 0 (256) 0 (255) 0 (272) 
0 (256) 0 (251) 1 (760) 0 (256) 0 (256) 0 (251) 0 (256) 1 (739) 

=> 10 0 11 0 (21/21) : OK
sensor type = 11, *** obtained readout successfully.
start sensor read (type=11, pin=4).
init peak: 256
update peak: 4 (760)
update peak: 24 (764)
bitCount=41, peak=764:
0 (256) 0 (256) 0 (256) 1 (760) 0 (251) 0 (256) 0 (255) 0 (256) 
0 (256) 0 (256) 0 (256) 0 (256) 0 (251) 0 (256) 0 (256) 0 (267) 
0 (256) 0 (256) 0 (122) 1 (561) 0 (256) 0 (251) 0 (256) 1 (764) 
0 (256) 0 (252) 0 (256) 0 (256) 0 (256) 0 (256) 0 (252) 0 (272) 
0 (256) 0 (251) 1 (760) 0 (256) 0 (256) 0 (255) 0 (256) 1 (733) 

=> 10 0 11 0 (21/21) : OK
sensor type = 11, *** obtained readout successfully.
start sensor read (type=11, pin=4).
init peak: 237
update peak: 2 (255)
update peak: 3 (256)
update peak: 4 (760)
update peak: 20 (764)
update peak: 35 (765)
bitCount=41, peak=765:
0 (237) 0 (255) 0 (256) 1 (760) 0 (251) 0 (256) 0 (256) 0 (256) 
0 (255) 0 (251) 0 (256) 0 (256) 0 (251) 0 (256) 0 (255) 0 (272) 
0 (256) 0 (251) 0 (256) 1 (764) 0 (256) 0 (251) 1 (761) 0 (255) 
0 (256) 0 (256) 0 (256) 0 (251) 0 (256) 0 (255) 0 (252) 0 (272) 
0 (256) 0 (256) 1 (765) 0 (256) 0 (251) 0 (255) 1 (765) 0 (229) 

=> 10 0 12 0 (22/22) : OK
sensor type = 11, *** obtained readout successfully.
start sensor read (type=11, pin=4).
init peak: 256
update peak: 4 (760)
update peak: 20 (765)
bitCount=41, peak=765:
0 (256) 0 (256) 0 (256) 1 (760) 0 (251) 0 (256) 0 (256) 0 (256) 
0 (256) 0 (256) 0 (256) 0 (256) 0 (251) 0 (256) 0 (256) 0 (272) 
0 (256) 0 (256) 0 (255) 1 (765) 0 (256) 0 (250) 0 (256) 1 (765) 
0 (256) 0 (256) 0 (256) 0 (256) 0 (256) 0 (256) 0 (252) 0 (272) 
0 (256) 0 (256) 1 (765) 0 (256) 0 (256) 0 (256) 0 (256) 1 (733) 

=> 10 0 11 0 (21/21) : OK
sensor type = 11, *** obtained readout successfully.
start sensor read (type=11, pin=4).
init peak: 256
update peak: 4 (761)
update peak: 20 (765)
bitCount=41, peak=765:
0 (256) 0 (255) 0 (251) 1 (761) 0 (256) 0 (256) 0 (252) 0 (256) 
0 (256) 0 (256) 0 (256) 0 (251) 0 (256) 0 (256) 0 (252) 0 (272) 
0 (256) 0 (256) 0 (256) 1 (765) 0 (256) 0 (256) 1 (765) 0 (256) 
0 (251) 0 (256) 0 (256) 0 (256) 0 (255) 0 (256) 0 (255) 0 (273) 
0 (251) 0 (256) 1 (765) 0 (256) 0 (255) 0 (256) 1 (765) 0 (229) 

=> 10 0 12 0 (22/22) : OK
sensor type = 11, *** obtained readout successfully.
start sensor read (type=11, pin=4).
init peak: 256
update peak: 4 (765)
bitCount=41, peak=765:
0 (256) 0 (256) 0 (256) 1 (765) 0 (256) 0 (251) 0 (256) 0 (255) 
0 (256) 0 (256) 0 (256) 0 (256) 0 (256) 0 (251) 0 (256) 0 (272) 
0 (256) 0 (255) 0 (256) 1 (760) 0 (255) 0 (256) 1 (760) 0 (251) 
0 (256) 0 (256) 0 (256) 0 (256) 0 (256) 0 (256) 0 (256) 0 (268) 
0 (256) 0 (255) 1 (747) 0 (256) 0 (256) 0 (256) 1 (760) 0 (229) 

=> 10 0 12 0 (22/22) : OK
sensor type = 11, *** obtained readout successfully.
start sensor read (type=11, pin=4).
init peak: 256
update peak: 4 (765)
bitCount=41, peak=765:
0 (256) 0 (256) 0 (256) 1 (765) 0 (255) 0 (256) 0 (256) 0 (255) 
0 (255) 0 (255) 0 (256) 0 (244) 0 (256) 0 (256) 0 (256) 0 (271) 
0 (256) 0 (256) 0 (256) 1 (765) 0 (256) 0 (256) 1 (765) 0 (256) 
0 (256) 0 (256) 0 (256) 0 (256) 0 (256) 0 (256) 0 (133) 0 (272) 
0 (256) 0 (256) 1 (765) 0 (255) 0 (256) 0 (256) 1 (765) 0 (228) 

=> 10 0 12 0 (22/22) : OK
sensor type = 11, *** obtained readout successfully.
start sensor read (type=11, pin=4).
init peak: 251
update peak: 2 (255)
update peak: 3 (256)
update peak: 4 (759)
update peak: 20 (765)
bitCount=41, peak=765:
0 (251) 0 (255) 0 (256) 1 (759) 0 (251) 0 (255) 0 (256) 0 (255) 
0 (256) 0 (253) 0 (256) 0 (256) 0 (252) 0 (256) 0 (256) 0 (272) 
0 (256) 0 (256) 0 (255) 1 (765) 0 (256) 0 (251) 0 (256) 1 (765) 
0 (256) 0 (256) 0 (256) 0 (256) 0 (256) 0 (256) 0 (251) 0 (272) 
0 (256) 0 (255) 1 (765) 0 (255) 0 (250) 0 (256) 0 (256) 1 (733) 

=> 10 0 11 0 (21/21) : OK
sensor type = 11, *** obtained readout successfully.
start sensor read (type=11, pin=4).
init peak: 256
update peak: 4 (765)
bitCount=41, peak=765:
0 (256) 0 (252) 0 (256) 1 (765) 0 (256) 0 (255) 0 (256) 0 (256) 
0 (256) 0 (256) 0 (234) 0 (256) 0 (256) 0 (256) 0 (256) 0 (272) 
0 (255) 0 (256) 0 (251) 1 (760) 0 (255) 0 (256) 0 (256) 1 (765) 
0 (256) 0 (256) 0 (255) 0 (256) 0 (251) 0 (256) 0 (256) 0 (272) 
0 (256) 0 (255) 1 (760) 0 (255) 0 (256) 0 (251) 0 (256) 1 (737) 

=> 10 0 11 0 (21/21) : OK
sensor type = 11, *** obtained readout successfully.
start sensor read (type=11, pin=4).
init peak: 256
update peak: 4 (765)
bitCount=41, peak=765:
0 (256) 0 (256) 0 (256) 1 (765) 0 (256) 0 (256) 0 (256) 0 (256) 
0 (256) 0 (255) 0 (256) 0 (255) 0 (256) 0 (255) 0 (256) 0 (272) 
0 (255) 0 (256) 0 (256) 1 (765) 0 (256) 0 (256) 0 (256) 1 (765) 
0 (256) 0 (256) 0 (255) 0 (256) 0 (256) 0 (256) 0 (256) 0 (272) 
0 (256) 0 (255) 1 (765) 0 (256) 0 (256) 0 (256) 0 (256) 1 (738) 

=> 10 0 11 0 (21/21) : OK
sensor type = 11, *** obtained readout successfully.
start sensor read (type=11, pin=4).
init peak: 256
update peak: 4 (764)
update peak: 24 (765)
bitCount=41, peak=765:
0 (256) 0 (256) 0 (256) 1 (764) 0 (255) 0 (255) 0 (255) 0 (256) 
0 (256) 0 (256) 0 (255) 0 (255) 0 (256) 0 (256) 0 (256) 0 (272) 
0 (256) 0 (256) 0 (256) 1 (742) 0 (256) 0 (256) 0 (255) 1 (765) 
0 (256) 0 (255) 0 (256) 0 (256) 0 (256) 0 (256) 0 (256) 0 (272) 
0 (256) 0 (256) 1 (765) 0 (256) 0 (256) 0 (256) 0 (256) 1 (733) 

=> 10 0 11 0 (21/21) : OK
sensor type = 11, *** obtained readout successfully.
start sensor read (type=11, pin=4).
init peak: 256
update peak: 4 (764)
update peak: 24 (765)
bitCount=41, peak=765:
0 (256) 0 (255) 0 (256) 1 (764) 0 (255) 0 (256) 0 (255) 0 (255) 
0 (256) 0 (255) 0 (255) 0 (256) 0 (256) 0 (255) 0 (256) 0 (271) 
0 (256) 0 (256) 0 (256) 1 (764) 0 (255) 0 (256) 0 (256) 1 (765) 
0 (255) 0 (255) 0 (256) 0 (256) 0 (256) 0 (255) 0 (256) 0 (272) 
0 (255) 0 (255) 1 (764) 0 (256) 0 (256) 0 (256) 0 (256) 1 (738) 

=> 10 0 11 0 (21/21) : OK
sensor type = 11, *** obtained readout successfully.
start sensor read (type=11, pin=4).
init peak: 249
update peak: 4 (745)
update peak: 35 (765)
bitCount=41, peak=765:
0 (249) 0 (249) 0 (249) 1 (745) 0 (249) 0 (249) 0 (249) 0 (249) 
0 (249) 0 (249) 0 (249) 0 (250) 0 (249) 0 (249) 0 (250) 0 (265) 
0 (249) 0 (250) 0 (249) 1 (745) 0 (240) 0 (249) 0 (249) 1 (745) 
0 (250) 0 (249) 0 (249) 0 (250) 0 (249) 0 (249) 0 (249) 0 (272) 
0 (256) 0 (256) 1 (765) 0 (255) 0 (255) 0 (256) 0 (256) 1 (738) 

=> 10 0 11 0 (21/21) : OK
sensor type = 11, *** obtained readout successfully.
start sensor read (type=11, pin=4).
init peak: 256
update peak: 4 (764)
update peak: 20 (765)
bitCount=41, peak=765:
0 (256) 0 (256) 0 (256) 1 (764) 0 (255) 0 (256) 0 (256) 0 (255) 
0 (256) 0 (256) 0 (256) 0 (256) 0 (256) 0 (256) 0 (256) 0 (271) 
0 (255) 0 (256) 0 (255) 1 (765) 0 (256) 0 (256) 0 (256) 1 (765) 
0 (256) 0 (256) 0 (256) 0 (255) 0 (255) 0 (256) 0 (256) 0 (272) 
0 (255) 0 (256) 1 (765) 0 (256) 0 (256) 0 (256) 0 (255) 1 (737) 

=> 10 0 11 0 (21/21) : OK
sensor type = 11, *** obtained readout successfully.
start sensor read (type=11, pin=4).
init peak: 256
update peak: 4 (765)
bitCount=41, peak=765:
0 (256) 0 (256) 0 (256) 1 (765) 0 (255) 0 (256) 0 (256) 0 (194) 
0 (211) 0 (127) 0 (256) 0 (256) 0 (256) 0 (256) 0 (255) 0 (272) 
0 (255) 0 (255) 0 (256) 1 (760) 0 (255) 0 (256) 0 (256) 1 (765) 
0 (256) 0 (256) 0 (256) 0 (256) 0 (255) 0 (255) 0 (255) 0 (272) 
0 (256) 0 (256) 1 (764) 0 (255) 0 (255) 0 (256) 0 (254) 1 (738) 

=> 10 0 11 0 (21/21) : OK
sensor type = 11, *** obtained readout successfully.
start sensor read (type=11, pin=4).
init peak: 256
update peak: 4 (765)
bitCount=41, peak=765:
0 (256) 0 (255) 0 (256) 1 (765) 0 (256) 0 (255) 0 (255) 0 (256) 
0 (255) 0 (255) 0 (250) 0 (249) 0 (249) 0 (250) 0 (249) 0 (265) 
0 (249) 0 (249) 0 (249) 1 (745) 0 (250) 0 (249) 0 (250) 1 (745) 
0 (249) 0 (250) 0 (249) 0 (249) 0 (249) 0 (249) 0 (249) 0 (265) 
0 (249) 0 (249) 1 (746) 0 (249) 0 (255) 0 (255) 0 (256) 1 (738) 

=> 10 0 11 0 (21/21) : OK
sensor type = 11, *** obtained readout successfully.
start sensor read (type=11, pin=4).
init peak: 256
update peak: 4 (765)
bitCount=41, peak=765:
0 (256) 0 (256) 0 (256) 1 (765) 0 (255) 0 (255) 0 (256) 0 (256) 
0 (256) 0 (255) 0 (255) 0 (256) 0 (256) 0 (256) 0 (256) 0 (271) 
0 (256) 0 (256) 0 (256) 1 (765) 0 (256) 0 (194) 0 (252) 1 (765) 
0 (256) 0 (256) 0 (256) 0 (256) 0 (255) 0 (256) 0 (256) 0 (272) 
0 (255) 0 (255) 1 (765) 0 (256) 0 (256) 0 (256) 0 (255) 1 (738) 

=> 10 0 11 0 (21/21) : OK
sensor type = 11, *** obtained readout successfully.
start sensor read (type=11, pin=4).
init peak: 249
update peak: 2 (250)
update peak: 4 (745)
update peak: 24 (746)
update peak: 35 (764)
bitCount=41, peak=764:
0 (249) 0 (250) 0 (249) 1 (745) 0 (249) 0 (249) 0 (250) 0 (249) 
0 (249) 0 (249) 0 (249) 0 (249) 0 (250) 0 (249) 0 (249) 0 (264) 
0 (249) 0 (250) 0 (250) 1 (745) 0 (249) 0 (248) 0 (249) 1 (746) 
0 (249) 0 (249) 0 (256) 0 (256) 0 (256) 0 (256) 0 (256) 0 (272) 
0 (255) 0 (255) 1 (764) 0 (256) 0 (255) 0 (256) 0 (255) 1 (738) 

=> 10 0 11 0 (21/21) : OK
sensor type = 11, *** obtained readout successfully.
start sensor read (type=11, pin=4).
init peak: 255
update peak: 4 (765)
bitCount=41, peak=765:
0 (255) 0 (255) 0 (255) 1 (765) 0 (249) 0 (250) 0 (249) 0 (249) 
0 (249) 0 (249) 0 (250) 0 (249) 0 (250) 0 (249) 0 (249) 0 (265) 
0 (249) 0 (250) 0 (249) 1 (745) 0 (249) 0 (249) 0 (249) 1 (745) 
0 (249) 0 (249) 0 (249) 0 (249) 0 (249) 0 (250) 0 (249) 0 (272) 
0 (255) 0 (256) 1 (765) 0 (256) 0 (255) 0 (255) 0 (256) 1 (737) 

=> 10 0 11 0 (21/21) : OK
sensor type = 11, *** obtained readout successfully.
